{
  "RSpec": {
    "coverage": {
      "/Users/thejbsmith/workspace/elevator_up/elevator_up/solidus_searchkick/lib/solidus_searchkick.rb": [
        1,
        1
      ],
      "/Users/thejbsmith/workspace/elevator_up/elevator_up/solidus_searchkick/lib/solidus_searchkick/engine.rb": [
        1,
        1,
        1,
        1,
        1,
        null,
        1,
        null,
        null,
        1,
        1,
        null,
        null,
        1,
        1,
        6,
        null,
        1,
        null,
        null,
        1,
        null,
        null
      ],
      "/Users/thejbsmith/workspace/elevator_up/elevator_up/solidus_searchkick/app/controllers/spree/products_controller_decorator.rb": [
        1,
        1,
        0,
        0,
        0,
        null,
        null
      ],
      "/Users/thejbsmith/workspace/elevator_up/elevator_up/solidus_searchkick/app/helpers/spree/products_helper_decorator.rb": [
        1,
        null,
        1,
        0,
        0,
        0,
        0,
        null,
        null
      ],
      "/Users/thejbsmith/workspace/elevator_up/elevator_up/solidus_searchkick/app/models/spree/order_decorator.rb": [
        1,
        1,
        null,
        1,
        1,
        1,
        null,
        null
      ],
      "/Users/thejbsmith/workspace/elevator_up/elevator_up/solidus_searchkick/app/models/spree/product_decorator.rb": [
        1,
        1,
        null,
        1,
        18,
        null,
        null,
        null,
        null,
        null,
        null,
        null,
        null,
        null,
        null,
        18,
        0,
        null,
        null,
        18,
        4,
        null,
        null,
        18,
        null,
        null,
        1,
        4,
        null,
        null,
        1,
        36,
        null,
        null,
        1,
        3,
        null,
        null,
        null,
        null,
        1,
        null,
        null,
        null,
        null,
        2,
        null,
        null,
        null,
        1,
        null,
        null,
        null,
        3,
        null,
        null
      ],
      "/Users/thejbsmith/workspace/elevator_up/elevator_up/solidus_searchkick/app/models/spree/property_decorator.rb": [
        1,
        4,
        null,
        1,
        1,
        null,
        null
      ],
      "/Users/thejbsmith/workspace/elevator_up/elevator_up/solidus_searchkick/app/models/spree/taxonomy_decorator.rb": [
        1,
        4,
        null,
        1,
        2,
        null,
        null
      ],
      "/Users/thejbsmith/workspace/elevator_up/elevator_up/solidus_searchkick/lib/spree/search/searchkick.rb": [
        1,
        1,
        1,
        3,
        null,
        null,
        1,
        3,
        3,
        null,
        null,
        1,
        3,
        null,
        null,
        null,
        null,
        3,
        3,
        null,
        null,
        1,
        3,
        null,
        null,
        1,
        3,
        3,
        null,
        null,
        1,
        3,
        3,
        1,
        null,
        3,
        0,
        null,
        3,
        null,
        null,
        1,
        3,
        0,
        0,
        null,
        null,
        0,
        null,
        null,
        1,
        3,
        3,
        null,
        null,
        null
      ],
      "/Users/thejbsmith/workspace/elevator_up/elevator_up/solidus_searchkick/config/routes.rb": [
        1,
        null,
        1,
        1,
        1,
        null
      ],
      "/Users/thejbsmith/workspace/elevator_up/elevator_up/solidus_searchkick/lib/solidus_searchkick/factories.rb": [
        1,
        null,
        null,
        null,
        null,
        null
      ],
      "/Users/thejbsmith/workspace/elevator_up/elevator_up/solidus_searchkick/spec/lib/spree/search/searchkick_spec.rb": [
        1,
        1,
        4,
        null,
        1,
        3,
        3,
        null,
        null,
        1,
        1,
        1,
        1,
        null,
        null,
        1,
        2,
        null,
        1,
        2,
        2,
        2,
        null,
        null,
        1,
        1,
        1,
        null,
        null,
        1,
        2,
        null,
        1,
        1,
        null,
        1,
        1,
        1,
        null,
        null,
        null,
        null,
        null
      ],
      "/Users/thejbsmith/workspace/elevator_up/elevator_up/solidus_searchkick/spec/models/spree/order_spec.rb": [
        1,
        null,
        1,
        1,
        1,
        2,
        null,
        1,
        1,
        null,
        null,
        1,
        1,
        1,
        1,
        null,
        null,
        null,
        null
      ],
      "/Users/thejbsmith/workspace/elevator_up/elevator_up/solidus_searchkick/spec/models/spree/product_spec.rb": [
        1,
        null,
        1,
        1,
        2,
        null,
        1,
        3,
        3,
        null,
        null,
        1,
        1,
        1,
        null,
        null,
        1,
        2,
        null,
        1,
        1,
        1,
        null,
        null,
        null,
        1,
        1,
        2,
        null,
        null,
        1,
        1,
        1,
        null,
        null,
        null,
        null
      ],
      "/Users/thejbsmith/workspace/elevator_up/elevator_up/solidus_searchkick/spec/models/spree/property_spec.rb": [
        1,
        null,
        1,
        1,
        2,
        null,
        1,
        1,
        null,
        null,
        null
      ],
      "/Users/thejbsmith/workspace/elevator_up/elevator_up/solidus_searchkick/spec/models/spree/taxonomy_spec.rb": [
        1,
        null,
        1,
        1,
        2,
        null,
        1,
        1,
        null,
        null,
        null
      ],
      "/Users/thejbsmith/workspace/elevator_up/elevator_up/solidus_searchkick/spec/routing/spree/products_routes_spec.rb": [
        1,
        null,
        1,
        1,
        3,
        2,
        null,
        1,
        1,
        1,
        null,
        null,
        null,
        1,
        1,
        1,
        null,
        null,
        null,
        null
      ]
    },
    "timestamp": 1475002313
  }
}
